# JRE version: OpenJDK Runtime Environment Temurin-21.0.10+7 (21.0.10+7) (build 21.0.10+7-LTS)
# Java VM: OpenJDK 64-Bit Server VM Temurin-21.0.10+7 (21.0.10+7-LTS, mixed mode, sharing, tiered, compressed oops, compressed class ptrs, parallel gc, windows-amd64)
GC Precious Log:
 CardTable entry size: 512
 CPUs: 12 total, 12 available
 Memory: 7835M
 Large Page Support: Disabled
 NUMA Support: Disabled
 Compressed Oops: Enabled (32-bit)
 Alignments: Space 512K, Generation 512K, Heap 2M
 Heap Min Capacity: 100M
 Heap Initial Capacity: 100M
 Heap Max Capacity: 2G
 Pre-touch: Disabled
 Parallel Workers: 10
Heap:
 PSYoungGen      total 13824K, used 2711K [0x00000000d5580000, 0x00000000d6400000, 0x0000000100000000)
  eden space 12800K, 33% used [0x00000000d5580000,0x00000000d59a1310,0x00000000d6200000)
  from space 1024K, 56% used [0x00000000d6300000,0x00000000d6390020,0x00000000d6400000)
  to   space 1024K, 0% used [0x00000000d6200000,0x00000000d6200000,0x00000000d6300000)
 ParOldGen       total 80896K, used 80785K [0x0000000080000000, 0x0000000084f00000, 0x00000000d5580000)
  object space 80896K, 99% used [0x0000000080000000,0x0000000084ee4400,0x0000000084f00000)
 Metaspace       used 57836K, committed 59328K, reserved 1114112K
  class space    used 6239K, committed 6848K, reserved 1048576K
GC Heap History (20 events):
Event: 49.137 GC heap before
{Heap before GC invocations=87 (full 2):
 PSYoungGen      total 13312K, used 13216K [0x00000000d5580000, 0x00000000d6380000, 0x0000000100000000)
  eden space 12800K, 100% used [0x00000000d5580000,0x00000000d6200000,0x00000000d6200000)
  from space 512K, 81% used [0x00000000d6300000,0x00000000d6368000,0x00000000d6380000)
  to   space 512K, 0% used [0x00000000d6280000,0x00000000d6280000,0x00000000d6300000)
 ParOldGen       total 76800K, used 76455K [0x0000000080000000, 0x0000000084b00000, 0x00000000d5580000)
  object space 76800K, 99% used [0x0000000080000000,0x0000000084aa9e60,0x0000000084b00000)
 Metaspace       used 57770K, committed 59136K, reserved 1114112K
  class space    used 6238K, committed 6784K, reserved 1048576K
}
Event: 49.139 GC heap after
{Heap after GC invocations=87 (full 2):
 PSYoungGen      total 13312K, used 480K [0x00000000d5580000, 0x00000000d6380000, 0x0000000100000000)
  eden space 12800K, 0% used [0x00000000d5580000,0x00000000d5580000,0x00000000d6200000)
  from space 512K, 93% used [0x00000000d6280000,0x00000000d62f8000,0x00000000d6300000)
  to   space 512K, 0% used [0x00000000d6300000,0x00000000d6300000,0x00000000d6380000)
 ParOldGen       total 76800K, used 76639K [0x0000000080000000, 0x0000000084b00000, 0x00000000d5580000)
  object space 76800K, 99% used [0x0000000080000000,0x0000000084ad7e60,0x0000000084b00000)
 Metaspace       used 57770K, committed 59136K, reserved 1114112K
  class space    used 6238K, committed 6784K, reserved 1048576K
}
Event: 49.225 GC heap before
{Heap before GC invocations=88 (full 2):
 PSYoungGen      total 13312K, used 13280K [0x00000000d5580000, 0x00000000d6380000, 0x0000000100000000)
  eden space 12800K, 100% used [0x00000000d5580000,0x00000000d6200000,0x00000000d6200000)
  from space 512K, 93% used [0x00000000d6280000,0x00000000d62f8000,0x00000000d6300000)
  to   space 512K, 0% used [0x00000000d6300000,0x00000000d6300000,0x00000000d6380000)
 ParOldGen       total 76800K, used 76639K [0x0000000080000000, 0x0000000084b00000, 0x00000000d5580000)
  object space 76800K, 99% used [0x0000000080000000,0x0000000084ad7e60,0x0000000084b00000)
 Metaspace       used 57776K, committed 59136K, reserved 1114112K
  class space    used 6238K, committed 6784K, reserved 1048576K
}
Event: 49.226 GC heap after
{Heap after GC invocations=88 (full 2):
 PSYoungGen      total 13312K, used 416K [0x00000000d5580000, 0x00000000d6380000, 0x0000000100000000)
  eden space 12800K, 0% used [0x00000000d5580000,0x00000000d5580000,0x00000000d6200000)
  from space 512K, 81% used [0x00000000d6300000,0x00000000d6368000,0x00000000d6380000)
  to   space 512K, 0% used [0x00000000d6280000,0x00000000d6280000,0x00000000d6300000)
 ParOldGen       total 77312K, used 76927K [0x0000000080000000, 0x0000000084b80000, 0x00000000d5580000)
  object space 77312K, 99% used [0x0000000080000000,0x0000000084b1fe60,0x0000000084b80000)
 Metaspace       used 57776K, committed 59136K, reserved 1114112K
  class space    used 6238K, committed 6784K, reserved 1048576K
}
Event: 49.277 GC heap before
{Heap before GC invocations=89 (full 2):
 PSYoungGen      total 13312K, used 13216K [0x00000000d5580000, 0x00000000d6380000, 0x0000000100000000)
  eden space 12800K, 100% used [0x00000000d5580000,0x00000000d6200000,0x00000000d6200000)
  from space 512K, 81% used [0x00000000d6300000,0x00000000d6368000,0x00000000d6380000)
  to   space 512K, 0% used [0x00000000d6280000,0x00000000d6280000,0x00000000d6300000)
 ParOldGen       total 77312K, used 76927K [0x0000000080000000, 0x0000000084b80000, 0x00000000d5580000)
  object space 77312K, 99% used [0x0000000080000000,0x0000000084b1fe60,0x0000000084b80000)
 Metaspace       used 57776K, committed 59136K, reserved 1114112K
  class space    used 6238K, committed 6784K, reserved 1048576K
}
Event: 49.278 GC heap after
{Heap after GC invocations=89 (full 2):
 PSYoungGen      total 13312K, used 497K [0x00000000d5580000, 0x00000000d6400000, 0x0000000100000000)
  eden space 12800K, 0% used [0x00000000d5580000,0x00000000d5580000,0x00000000d6200000)
  from space 512K, 97% used [0x00000000d6280000,0x00000000d62fc770,0x00000000d6300000)
  to   space 1024K, 0% used [0x00000000d6300000,0x00000000d6300000,0x00000000d6400000)
 ParOldGen       total 77312K, used 77167K [0x0000000080000000, 0x0000000084b80000, 0x00000000d5580000)
  object space 77312K, 99% used [0x0000000080000000,0x0000000084b5be60,0x0000000084b80000)
 Metaspace       used 57776K, committed 59136K, reserved 1114112K
  class space    used 6238K, committed 6784K, reserved 1048576K
}
Event: 49.328 GC heap before
{Heap before GC invocations=90 (full 2):
 PSYoungGen      total 13312K, used 13297K [0x00000000d5580000, 0x00000000d6400000, 0x0000000100000000)
  eden space 12800K, 100% used [0x00000000d5580000,0x00000000d6200000,0x00000000d6200000)
  from space 512K, 97% used [0x00000000d6280000,0x00000000d62fc770,0x00000000d6300000)
  to   space 1024K, 0% used [0x00000000d6300000,0x00000000d6300000,0x00000000d6400000)
 ParOldGen       total 77312K, used 77167K [0x0000000080000000, 0x0000000084b80000, 0x00000000d5580000)
  object space 77312K, 99% used [0x0000000080000000,0x0000000084b5be60,0x0000000084b80000)
 Metaspace       used 57776K, committed 59136K, reserved 1114112K
  class space    used 6238K, committed 6784K, reserved 1048576K
}
Event: 49.329 GC heap after
{Heap after GC invocations=90 (full 2):
 PSYoungGen      total 13824K, used 448K [0x00000000d5580000, 0x00000000d6400000, 0x0000000100000000)
  eden space 12800K, 0% used [0x00000000d5580000,0x00000000d5580000,0x00000000d6200000)
  from space 1024K, 43% used [0x00000000d6300000,0x00000000d6370000,0x00000000d6400000)
  to   space 1024K, 0% used [0x00000000d6200000,0x00000000d6200000,0x00000000d6300000)
 ParOldGen       total 77824K, used 77451K [0x0000000080000000, 0x0000000084c00000, 0x00000000d5580000)
  object space 77824K, 99% used [0x0000000080000000,0x0000000084ba2f38,0x0000000084c00000)
 Metaspace       used 57776K, committed 59136K, reserved 1114112K
  class space    used 6238K, committed 6784K, reserved 1048576K
}
Event: 49.424 GC heap before
{Heap before GC invocations=91 (full 2):
 PSYoungGen      total 13824K, used 13248K [0x00000000d5580000, 0x00000000d6400000, 0x0000000100000000)
  eden space 12800K, 100% used [0x00000000d5580000,0x00000000d6200000,0x00000000d6200000)
  from space 1024K, 43% used [0x00000000d6300000,0x00000000d6370000,0x00000000d6400000)
  to   space 1024K, 0% used [0x00000000d6200000,0x00000000d6200000,0x00000000d6300000)
 ParOldGen       total 77824K, used 77451K [0x0000000080000000, 0x0000000084c00000, 0x00000000d5580000)
  object space 77824K, 99% used [0x0000000080000000,0x0000000084ba2f38,0x0000000084c00000)
 Metaspace       used 57776K, committed 59136K, reserved 1114112K
  class space    used 6238K, committed 6784K, reserved 1048576K
}
Event: 49.426 GC heap after
{Heap after GC invocations=91 (full 2):
 PSYoungGen      total 13824K, used 416K [0x00000000d5580000, 0x00000000d6380000, 0x0000000100000000)
  eden space 12800K, 0% used [0x00000000d5580000,0x00000000d5580000,0x00000000d6200000)
  from space 1024K, 40% used [0x00000000d6200000,0x00000000d6268000,0x00000000d6300000)
  to   space 512K, 0% used [0x00000000d6300000,0x00000000d6300000,0x00000000d6380000)
 ParOldGen       total 77824K, used 77691K [0x0000000080000000, 0x0000000084c00000, 0x00000000d5580000)
  object space 77824K, 99% used [0x0000000080000000,0x0000000084bdef38,0x0000000084c00000)
 Metaspace       used 57776K, committed 59136K, reserved 1114112K
  class space    used 6238K, committed 6784K, reserved 1048576K
}
Event: 49.517 GC heap before
{Heap before GC invocations=92 (full 2):
 PSYoungGen      total 13824K, used 13216K [0x00000000d5580000, 0x00000000d6380000, 0x0000000100000000)
  eden space 12800K, 100% used [0x00000000d5580000,0x00000000d6200000,0x00000000d6200000)
  from space 1024K, 40% used [0x00000000d6200000,0x00000000d6268000,0x00000000d6300000)
  to   space 512K, 0% used [0x00000000d6300000,0x00000000d6300000,0x00000000d6380000)
 ParOldGen       total 77824K, used 77691K [0x0000000080000000, 0x0000000084c00000, 0x00000000d5580000)
  object space 77824K, 99% used [0x0000000080000000,0x0000000084bdef38,0x0000000084c00000)
 Metaspace       used 57785K, committed 59136K, reserved 1114112K
  class space    used 6238K, committed 6784K, reserved 1048576K
}
Event: 49.520 GC heap after
{Heap after GC invocations=92 (full 2):
 PSYoungGen      total 13312K, used 416K [0x00000000d5580000, 0x00000000d6380000, 0x0000000100000000)
  eden space 12800K, 0% used [0x00000000d5580000,0x00000000d5580000,0x00000000d6200000)
  from space 512K, 81% used [0x00000000d6300000,0x00000000d6368000,0x00000000d6380000)
  to   space 512K, 0% used [0x00000000d6280000,0x00000000d6280000,0x00000000d6300000)
 ParOldGen       total 78336K, used 77974K [0x0000000080000000, 0x0000000084c80000, 0x00000000d5580000)
  object space 78336K, 99% used [0x0000000080000000,0x0000000084c25970,0x0000000084c80000)
 Metaspace       used 57785K, committed 59136K, reserved 1114112K
  class space    used 6238K, committed 6784K, reserved 1048576K
}
Event: 49.609 GC heap before
{Heap before GC invocations=93 (full 2):
 PSYoungGen      total 13312K, used 13216K [0x00000000d5580000, 0x00000000d6380000, 0x0000000100000000)
  eden space 12800K, 100% used [0x00000000d5580000,0x00000000d6200000,0x00000000d6200000)
  from space 512K, 81% used [0x00000000d6300000,0x00000000d6368000,0x00000000d6380000)
  to   space 512K, 0% used [0x00000000d6280000,0x00000000d6280000,0x00000000d6300000)
 ParOldGen       total 78336K, used 77974K [0x0000000080000000, 0x0000000084c80000, 0x00000000d5580000)
  object space 78336K, 99% used [0x0000000080000000,0x0000000084c25970,0x0000000084c80000)
 Metaspace       used 57787K, committed 59136K, reserved 1114112K
  class space    used 6238K, committed 6784K, reserved 1048576K
}
Event: 49.610 GC heap after
{Heap after GC invocations=93 (full 2):
 PSYoungGen      total 13312K, used 512K [0x00000000d5580000, 0x00000000d6500000, 0x0000000100000000)
  eden space 12800K, 0% used [0x00000000d5580000,0x00000000d5580000,0x00000000d6200000)
  from space 512K, 100% used [0x00000000d6280000,0x00000000d6300000,0x00000000d6300000)
  to   space 1536K, 0% used [0x00000000d6380000,0x00000000d6380000,0x00000000d6500000)
 ParOldGen       total 78848K, used 78499K [0x0000000080000000, 0x0000000084d00000, 0x00000000d5580000)
  object space 78848K, 99% used [0x0000000080000000,0x0000000084ca8c48,0x0000000084d00000)
 Metaspace       used 57787K, committed 59136K, reserved 1114112K
  class space    used 6238K, committed 6784K, reserved 1048576K
}
Event: 49.675 GC heap before
{Heap before GC invocations=94 (full 2):
 PSYoungGen      total 13312K, used 13312K [0x00000000d5580000, 0x00000000d6500000, 0x0000000100000000)
  eden space 12800K, 100% used [0x00000000d5580000,0x00000000d6200000,0x00000000d6200000)
  from space 512K, 100% used [0x00000000d6280000,0x00000000d6300000,0x00000000d6300000)
  to   space 1536K, 0% used [0x00000000d6380000,0x00000000d6380000,0x00000000d6500000)
 ParOldGen       total 78848K, used 78499K [0x0000000080000000, 0x0000000084d00000, 0x00000000d5580000)
  object space 78848K, 99% used [0x0000000080000000,0x0000000084ca8c48,0x0000000084d00000)
 Metaspace       used 57790K, committed 59136K, reserved 1114112K
  class space    used 6238K, committed 6784K, reserved 1048576K
}
Event: 49.677 GC heap after
{Heap after GC invocations=94 (full 2):
 PSYoungGen      total 13824K, used 608K [0x00000000d5580000, 0x00000000d6480000, 0x0000000100000000)
  eden space 12800K, 0% used [0x00000000d5580000,0x00000000d5580000,0x00000000d6200000)
  from space 1024K, 59% used [0x00000000d6380000,0x00000000d6418000,0x00000000d6480000)
  to   space 1024K, 0% used [0x00000000d6280000,0x00000000d6280000,0x00000000d6380000)
 ParOldGen       total 79360K, used 79059K [0x0000000080000000, 0x0000000084d80000, 0x00000000d5580000)
  object space 79360K, 99% used [0x0000000080000000,0x0000000084d34c58,0x0000000084d80000)
 Metaspace       used 57790K, committed 59136K, reserved 1114112K
  class space    used 6238K, committed 6784K, reserved 1048576K
}
Event: 49.787 GC heap before
{Heap before GC invocations=95 (full 2):
 PSYoungGen      total 13824K, used 13408K [0x00000000d5580000, 0x00000000d6480000, 0x0000000100000000)
  eden space 12800K, 100% used [0x00000000d5580000,0x00000000d6200000,0x00000000d6200000)
  from space 1024K, 59% used [0x00000000d6380000,0x00000000d6418000,0x00000000d6480000)
  to   space 1024K, 0% used [0x00000000d6280000,0x00000000d6280000,0x00000000d6380000)
 ParOldGen       total 79360K, used 79059K [0x0000000080000000, 0x0000000084d80000, 0x00000000d5580000)
  object space 79360K, 99% used [0x0000000080000000,0x0000000084d34c58,0x0000000084d80000)
 Metaspace       used 57796K, committed 59136K, reserved 1114112K
  class space    used 6238K, committed 6784K, reserved 1048576K
}
Event: 49.789 GC heap after
{Heap after GC invocations=95 (full 2):
 PSYoungGen      total 13824K, used 592K [0x00000000d5580000, 0x00000000d6400000, 0x0000000100000000)
  eden space 12800K, 0% used [0x00000000d5580000,0x00000000d5580000,0x00000000d6200000)
  from space 1024K, 57% used [0x00000000d6280000,0x00000000d6314010,0x00000000d6380000)
  to   space 512K, 0% used [0x00000000d6380000,0x00000000d6380000,0x00000000d6400000)
 ParOldGen       total 79872K, used 79531K [0x0000000080000000, 0x0000000084e00000, 0x00000000d5580000)
  object space 79872K, 99% used [0x0000000080000000,0x0000000084daac58,0x0000000084e00000)
 Metaspace       used 57796K, committed 59136K, reserved 1114112K
  class space    used 6238K, committed 6784K, reserved 1048576K
}
Event: 49.829 GC heap before
{Heap before GC invocations=96 (full 2):
 PSYoungGen      total 13824K, used 13392K [0x00000000d5580000, 0x00000000d6400000, 0x0000000100000000)
  eden space 12800K, 100% used [0x00000000d5580000,0x00000000d6200000,0x00000000d6200000)
  from space 1024K, 57% used [0x00000000d6280000,0x00000000d6314010,0x00000000d6380000)
  to   space 512K, 0% used [0x00000000d6380000,0x00000000d6380000,0x00000000d6400000)
 ParOldGen       total 79872K, used 79531K [0x0000000080000000, 0x0000000084e00000, 0x00000000d5580000)
  object space 79872K, 99% used [0x0000000080000000,0x0000000084daac58,0x0000000084e00000)
 Metaspace       used 57802K, committed 59200K, reserved 1114112K
  class space    used 6239K, committed 6848K, reserved 1048576K
}
Event: 49.831 GC heap after
{Heap after GC invocations=96 (full 2):
 PSYoungGen      total 13312K, used 512K [0x00000000d5580000, 0x00000000d6500000, 0x0000000100000000)
  eden space 12800K, 0% used [0x00000000d5580000,0x00000000d5580000,0x00000000d6200000)
  from space 512K, 100% used [0x00000000d6380000,0x00000000d6400000,0x00000000d6400000)
  to   space 1536K, 0% used [0x00000000d6200000,0x00000000d6200000,0x00000000d6380000)
 ParOldGen       total 80384K, used 80136K [0x0000000080000000, 0x0000000084e80000, 0x00000000d5580000)
  object space 80384K, 99% used [0x0000000080000000,0x0000000084e423e0,0x0000000084e80000)
 Metaspace       used 57802K, committed 59200K, reserved 1114112K
  class space    used 6239K, committed 6848K, reserved 1048576K
}

