# JRE version: OpenJDK Runtime Environment Temurin-21.0.10+7 (21.0.10+7) (build 21.0.10+7-LTS)
# Java VM: OpenJDK 64-Bit Server VM Temurin-21.0.10+7 (21.0.10+7-LTS, mixed mode, sharing, tiered, compressed oops, compressed class ptrs, parallel gc, windows-amd64)
GC Precious Log:
 CardTable entry size: 512
 CPUs: 12 total, 12 available
 Memory: 7835M
 Large Page Support: Disabled
 NUMA Support: Disabled
 Compressed Oops: Enabled (32-bit)
 Alignments: Space 512K, Generation 512K, Heap 2M
 Heap Min Capacity: 100M
 Heap Initial Capacity: 100M
 Heap Max Capacity: 2G
 Pre-touch: Disabled
 Parallel Workers: 10
Heap:
 PSYoungGen      total 6656K, used 4213K [0x00000000d5580000, 0x00000000d5e80000, 0x0000000100000000)
  eden space 5632K, 57% used [0x00000000d5580000,0x00000000d58a54c8,0x00000000d5b00000)
  from space 1024K, 96% used [0x00000000d5c80000,0x00000000d5d78000,0x00000000d5d80000)
  to   space 1536K, 0% used [0x00000000d5b00000,0x00000000d5b00000,0x00000000d5c80000)
 ParOldGen       total 194560K, used 194120K [0x0000000080000000, 0x000000008be00000, 0x00000000d5580000)
  object space 194560K, 99% used [0x0000000080000000,0x000000008bd923d0,0x000000008be00000)
 Metaspace       used 79190K, committed 80960K, reserved 1179648K
  class space    used 8593K, committed 9344K, reserved 1048576K
GC Heap History (20 events):
Event: 203.286 GC heap before
{Heap before GC invocations=406 (full 3):
 PSYoungGen      total 6656K, used 6434K [0x00000000d5580000, 0x00000000d5d00000, 0x0000000100000000)
  eden space 6144K, 100% used [0x00000000d5580000,0x00000000d5b80000,0x00000000d5b80000)
  from space 512K, 56% used [0x00000000d5c80000,0x00000000d5cc8940,0x00000000d5d00000)
  to   space 512K, 0% used [0x00000000d5b80000,0x00000000d5b80000,0x00000000d5c00000)
 ParOldGen       total 192512K, used 192132K [0x0000000080000000, 0x000000008bc00000, 0x00000000d5580000)
  object space 192512K, 99% used [0x0000000080000000,0x000000008bba1190,0x000000008bc00000)
 Metaspace       used 77880K, committed 79616K, reserved 1179648K
  class space    used 8447K, committed 9216K, reserved 1048576K
}
Event: 203.287 GC heap after
{Heap after GC invocations=406 (full 3):
 PSYoungGen      total 6656K, used 320K [0x00000000d5580000, 0x00000000d5d00000, 0x0000000100000000)
  eden space 6144K, 0% used [0x00000000d5580000,0x00000000d5580000,0x00000000d5b80000)
  from space 512K, 62% used [0x00000000d5b80000,0x00000000d5bd0000,0x00000000d5c00000)
  to   space 512K, 0% used [0x00000000d5c80000,0x00000000d5c80000,0x00000000d5d00000)
 ParOldGen       total 192512K, used 192188K [0x0000000080000000, 0x000000008bc00000, 0x00000000d5580000)
  object space 192512K, 99% used [0x0000000080000000,0x000000008bbaf190,0x000000008bc00000)
 Metaspace       used 77880K, committed 79616K, reserved 1179648K
  class space    used 8447K, committed 9216K, reserved 1048576K
}
Event: 203.315 GC heap before
{Heap before GC invocations=407 (full 3):
 PSYoungGen      total 6656K, used 6464K [0x00000000d5580000, 0x00000000d5d00000, 0x0000000100000000)
  eden space 6144K, 100% used [0x00000000d5580000,0x00000000d5b80000,0x00000000d5b80000)
  from space 512K, 62% used [0x00000000d5b80000,0x00000000d5bd0000,0x00000000d5c00000)
  to   space 512K, 0% used [0x00000000d5c80000,0x00000000d5c80000,0x00000000d5d00000)
 ParOldGen       total 192512K, used 192188K [0x0000000080000000, 0x000000008bc00000, 0x00000000d5580000)
  object space 192512K, 99% used [0x0000000080000000,0x000000008bbaf190,0x000000008bc00000)
 Metaspace       used 77883K, committed 79616K, reserved 1179648K
  class space    used 8447K, committed 9216K, reserved 1048576K
}
Event: 203.316 GC heap after
{Heap after GC invocations=407 (full 3):
 PSYoungGen      total 6656K, used 320K [0x00000000d5580000, 0x00000000d5d00000, 0x0000000100000000)
  eden space 6144K, 0% used [0x00000000d5580000,0x00000000d5580000,0x00000000d5b80000)
  from space 512K, 62% used [0x00000000d5c80000,0x00000000d5cd0000,0x00000000d5d00000)
  to   space 512K, 0% used [0x00000000d5b80000,0x00000000d5b80000,0x00000000d5c00000)
 ParOldGen       total 192512K, used 192292K [0x0000000080000000, 0x000000008bc00000, 0x00000000d5580000)
  object space 192512K, 99% used [0x0000000080000000,0x000000008bbc9190,0x000000008bc00000)
 Metaspace       used 77883K, committed 79616K, reserved 1179648K
  class space    used 8447K, committed 9216K, reserved 1048576K
}
Event: 203.333 GC heap before
{Heap before GC invocations=408 (full 3):
 PSYoungGen      total 6656K, used 6464K [0x00000000d5580000, 0x00000000d5d00000, 0x0000000100000000)
  eden space 6144K, 100% used [0x00000000d5580000,0x00000000d5b80000,0x00000000d5b80000)
  from space 512K, 62% used [0x00000000d5c80000,0x00000000d5cd0000,0x00000000d5d00000)
  to   space 512K, 0% used [0x00000000d5b80000,0x00000000d5b80000,0x00000000d5c00000)
 ParOldGen       total 192512K, used 192292K [0x0000000080000000, 0x000000008bc00000, 0x00000000d5580000)
  object space 192512K, 99% used [0x0000000080000000,0x000000008bbc9190,0x000000008bc00000)
 Metaspace       used 77895K, committed 79616K, reserved 1179648K
  class space    used 8447K, committed 9216K, reserved 1048576K
}
Event: 203.334 GC heap after
{Heap after GC invocations=408 (full 3):
 PSYoungGen      total 6656K, used 331K [0x00000000d5580000, 0x00000000d5d00000, 0x0000000100000000)
  eden space 6144K, 0% used [0x00000000d5580000,0x00000000d5580000,0x00000000d5b80000)
  from space 512K, 64% used [0x00000000d5b80000,0x00000000d5bd2ec8,0x00000000d5c00000)
  to   space 512K, 0% used [0x00000000d5c80000,0x00000000d5c80000,0x00000000d5d00000)
 ParOldGen       total 192512K, used 192380K [0x0000000080000000, 0x000000008bc00000, 0x00000000d5580000)
  object space 192512K, 99% used [0x0000000080000000,0x000000008bbdf1a0,0x000000008bc00000)
 Metaspace       used 77895K, committed 79616K, reserved 1179648K
  class space    used 8447K, committed 9216K, reserved 1048576K
}
Event: 203.353 GC heap before
{Heap before GC invocations=409 (full 3):
 PSYoungGen      total 6656K, used 6475K [0x00000000d5580000, 0x00000000d5d00000, 0x0000000100000000)
  eden space 6144K, 100% used [0x00000000d5580000,0x00000000d5b80000,0x00000000d5b80000)
  from space 512K, 64% used [0x00000000d5b80000,0x00000000d5bd2ec8,0x00000000d5c00000)
  to   space 512K, 0% used [0x00000000d5c80000,0x00000000d5c80000,0x00000000d5d00000)
 ParOldGen       total 192512K, used 192380K [0x0000000080000000, 0x000000008bc00000, 0x00000000d5580000)
  object space 192512K, 99% used [0x0000000080000000,0x000000008bbdf1a0,0x000000008bc00000)
 Metaspace       used 77898K, committed 79616K, reserved 1179648K
  class space    used 8447K, committed 9216K, reserved 1048576K
}
Event: 203.354 GC heap after
{Heap after GC invocations=409 (full 3):
 PSYoungGen      total 6656K, used 482K [0x00000000d5580000, 0x00000000d5d80000, 0x0000000100000000)
  eden space 6144K, 0% used [0x00000000d5580000,0x00000000d5580000,0x00000000d5b80000)
  from space 512K, 94% used [0x00000000d5c80000,0x00000000d5cf8b40,0x00000000d5d00000)
  to   space 1024K, 0% used [0x00000000d5b80000,0x00000000d5b80000,0x00000000d5c80000)
 ParOldGen       total 192512K, used 192468K [0x0000000080000000, 0x000000008bc00000, 0x00000000d5580000)
  object space 192512K, 99% used [0x0000000080000000,0x000000008bbf51a0,0x000000008bc00000)
 Metaspace       used 77898K, committed 79616K, reserved 1179648K
  class space    used 8447K, committed 9216K, reserved 1048576K
}
Event: 203.377 GC heap before
{Heap before GC invocations=410 (full 3):
 PSYoungGen      total 6656K, used 6544K [0x00000000d5580000, 0x00000000d5d80000, 0x0000000100000000)
  eden space 6144K, 98% used [0x00000000d5580000,0x00000000d5b6b4c8,0x00000000d5b80000)
  from space 512K, 94% used [0x00000000d5c80000,0x00000000d5cf8b40,0x00000000d5d00000)
  to   space 1024K, 0% used [0x00000000d5b80000,0x00000000d5b80000,0x00000000d5c80000)
 ParOldGen       total 192512K, used 192468K [0x0000000080000000, 0x000000008bc00000, 0x00000000d5580000)
  object space 192512K, 99% used [0x0000000080000000,0x000000008bbf51a0,0x000000008bc00000)
 Metaspace       used 77957K, committed 79680K, reserved 1179648K
  class space    used 8450K, committed 9216K, reserved 1048576K
}
Event: 203.379 GC heap after
{Heap after GC invocations=410 (full 3):
 PSYoungGen      total 7168K, used 1019K [0x00000000d5580000, 0x00000000d5e80000, 0x0000000100000000)
  eden space 6144K, 0% used [0x00000000d5580000,0x00000000d5580000,0x00000000d5b80000)
  from space 1024K, 99% used [0x00000000d5b80000,0x00000000d5c7ee78,0x00000000d5c80000)
  to   space 1536K, 0% used [0x00000000d5d00000,0x00000000d5d00000,0x00000000d5e80000)
 ParOldGen       total 193024K, used 192772K [0x0000000080000000, 0x000000008bc80000, 0x00000000d5580000)
  object space 193024K, 99% used [0x0000000080000000,0x000000008bc411c0,0x000000008bc80000)
 Metaspace       used 77957K, committed 79680K, reserved 1179648K
  class space    used 8450K, committed 9216K, reserved 1048576K
}
Event: 203.410 GC heap before
{Heap before GC invocations=411 (full 3):
 PSYoungGen      total 7168K, used 7163K [0x00000000d5580000, 0x00000000d5e80000, 0x0000000100000000)
  eden space 6144K, 100% used [0x00000000d5580000,0x00000000d5b80000,0x00000000d5b80000)
  from space 1024K, 99% used [0x00000000d5b80000,0x00000000d5c7ee78,0x00000000d5c80000)
  to   space 1536K, 0% used [0x00000000d5d00000,0x00000000d5d00000,0x00000000d5e80000)
 ParOldGen       total 193024K, used 192772K [0x0000000080000000, 0x000000008bc80000, 0x00000000d5580000)
  object space 193024K, 99% used [0x0000000080000000,0x000000008bc411c0,0x000000008bc80000)
 Metaspace       used 77998K, committed 79744K, reserved 1179648K
  class space    used 8456K, committed 9216K, reserved 1048576K
}
Event: 203.411 GC heap after
{Heap after GC invocations=411 (full 3):
 PSYoungGen      total 6656K, used 288K [0x00000000d5580000, 0x00000000d5d80000, 0x0000000100000000)
  eden space 6144K, 0% used [0x00000000d5580000,0x00000000d5580000,0x00000000d5b80000)
  from space 512K, 56% used [0x00000000d5d00000,0x00000000d5d48000,0x00000000d5d80000)
  to   space 1024K, 0% used [0x00000000d5b80000,0x00000000d5b80000,0x00000000d5c80000)
 ParOldGen       total 193024K, used 192972K [0x0000000080000000, 0x000000008bc80000, 0x00000000d5580000)
  object space 193024K, 99% used [0x0000000080000000,0x000000008bc731c0,0x000000008bc80000)
 Metaspace       used 77998K, committed 79744K, reserved 1179648K
  class space    used 8456K, committed 9216K, reserved 1048576K
}
Event: 203.451 GC heap before
{Heap before GC invocations=412 (full 3):
 PSYoungGen      total 6656K, used 6432K [0x00000000d5580000, 0x00000000d5d80000, 0x0000000100000000)
  eden space 6144K, 100% used [0x00000000d5580000,0x00000000d5b80000,0x00000000d5b80000)
  from space 512K, 56% used [0x00000000d5d00000,0x00000000d5d48000,0x00000000d5d80000)
  to   space 1024K, 0% used [0x00000000d5b80000,0x00000000d5b80000,0x00000000d5c80000)
 ParOldGen       total 193024K, used 192972K [0x0000000080000000, 0x000000008bc80000, 0x00000000d5580000)
  object space 193024K, 99% used [0x0000000080000000,0x000000008bc731c0,0x000000008bc80000)
 Metaspace       used 78008K, committed 79744K, reserved 1179648K
  class space    used 8456K, committed 9216K, reserved 1048576K
}
Event: 203.453 GC heap after
{Heap after GC invocations=412 (full 3):
 PSYoungGen      total 7168K, used 724K [0x00000000d5580000, 0x00000000d5d80000, 0x0000000100000000)
  eden space 6144K, 0% used [0x00000000d5580000,0x00000000d5580000,0x00000000d5b80000)
  from space 1024K, 70% used [0x00000000d5b80000,0x00000000d5c35200,0x00000000d5c80000)
  to   space 1024K, 0% used [0x00000000d5c80000,0x00000000d5c80000,0x00000000d5d80000)
 ParOldGen       total 193536K, used 193092K [0x0000000080000000, 0x000000008bd00000, 0x00000000d5580000)
  object space 193536K, 99% used [0x0000000080000000,0x000000008bc911c0,0x000000008bd00000)
 Metaspace       used 78008K, committed 79744K, reserved 1179648K
  class space    used 8456K, committed 9216K, reserved 1048576K
}
Event: 203.711 GC heap before
{Heap before GC invocations=413 (full 3):
 PSYoungGen      total 7168K, used 6864K [0x00000000d5580000, 0x00000000d5d80000, 0x0000000100000000)
  eden space 6144K, 99% used [0x00000000d5580000,0x00000000d5b7ee00,0x00000000d5b80000)
  from space 1024K, 70% used [0x00000000d5b80000,0x00000000d5c35200,0x00000000d5c80000)
  to   space 1024K, 0% used [0x00000000d5c80000,0x00000000d5c80000,0x00000000d5d80000)
 ParOldGen       total 193536K, used 193092K [0x0000000080000000, 0x000000008bd00000, 0x00000000d5580000)
  object space 193536K, 99% used [0x0000000080000000,0x000000008bc911c0,0x000000008bd00000)
 Metaspace       used 78213K, committed 79936K, reserved 1179648K
  class space    used 8476K, committed 9216K, reserved 1048576K
}
Event: 203.712 GC heap after
{Heap after GC invocations=413 (full 3):
 PSYoungGen      total 6656K, used 320K [0x00000000d5580000, 0x00000000d5d00000, 0x0000000100000000)
  eden space 6144K, 0% used [0x00000000d5580000,0x00000000d5580000,0x00000000d5b80000)
  from space 512K, 62% used [0x00000000d5c80000,0x00000000d5cd0000,0x00000000d5d00000)
  to   space 512K, 0% used [0x00000000d5c00000,0x00000000d5c00000,0x00000000d5c80000)
 ParOldGen       total 194048K, used 193616K [0x0000000080000000, 0x000000008bd80000, 0x00000000d5580000)
  object space 194048K, 99% used [0x0000000080000000,0x000000008bd143c0,0x000000008bd80000)
 Metaspace       used 78213K, committed 79936K, reserved 1179648K
  class space    used 8476K, committed 9216K, reserved 1048576K
}
Event: 203.967 GC heap before
{Heap before GC invocations=414 (full 3):
 PSYoungGen      total 6656K, used 6464K [0x00000000d5580000, 0x00000000d5d00000, 0x0000000100000000)
  eden space 6144K, 100% used [0x00000000d5580000,0x00000000d5b80000,0x00000000d5b80000)
  from space 512K, 62% used [0x00000000d5c80000,0x00000000d5cd0000,0x00000000d5d00000)
  to   space 512K, 0% used [0x00000000d5c00000,0x00000000d5c00000,0x00000000d5c80000)
 ParOldGen       total 194048K, used 193616K [0x0000000080000000, 0x000000008bd80000, 0x00000000d5580000)
  object space 194048K, 99% used [0x0000000080000000,0x000000008bd143c0,0x000000008bd80000)
 Metaspace       used 78735K, committed 80512K, reserved 1179648K
  class space    used 8536K, committed 9280K, reserved 1048576K
}
Event: 203.969 GC heap after
{Heap after GC invocations=414 (full 3):
 PSYoungGen      total 6656K, used 512K [0x00000000d5580000, 0x00000000d5d80000, 0x0000000100000000)
  eden space 6144K, 0% used [0x00000000d5580000,0x00000000d5580000,0x00000000d5b80000)
  from space 512K, 100% used [0x00000000d5c00000,0x00000000d5c80000,0x00000000d5c80000)
  to   space 1024K, 0% used [0x00000000d5c80000,0x00000000d5c80000,0x00000000d5d80000)
 ParOldGen       total 194048K, used 193824K [0x0000000080000000, 0x000000008bd80000, 0x00000000d5580000)
  object space 194048K, 99% used [0x0000000080000000,0x000000008bd483c0,0x000000008bd80000)
 Metaspace       used 78735K, committed 80512K, reserved 1179648K
  class space    used 8536K, committed 9280K, reserved 1048576K
}
Event: 204.109 GC heap before
{Heap before GC invocations=415 (full 3):
 PSYoungGen      total 6656K, used 6656K [0x00000000d5580000, 0x00000000d5d80000, 0x0000000100000000)
  eden space 6144K, 100% used [0x00000000d5580000,0x00000000d5b80000,0x00000000d5b80000)
  from space 512K, 100% used [0x00000000d5c00000,0x00000000d5c80000,0x00000000d5c80000)
  to   space 1024K, 0% used [0x00000000d5c80000,0x00000000d5c80000,0x00000000d5d80000)
 ParOldGen       total 194048K, used 193824K [0x0000000080000000, 0x000000008bd80000, 0x00000000d5580000)
  object space 194048K, 99% used [0x0000000080000000,0x000000008bd483c0,0x000000008bd80000)
 Metaspace       used 78845K, committed 80576K, reserved 1179648K
  class space    used 8555K, committed 9280K, reserved 1048576K
}
Event: 204.110 GC heap after
{Heap after GC invocations=415 (full 3):
 PSYoungGen      total 6656K, used 992K [0x00000000d5580000, 0x00000000d5e80000, 0x0000000100000000)
  eden space 5632K, 0% used [0x00000000d5580000,0x00000000d5580000,0x00000000d5b00000)
  from space 1024K, 96% used [0x00000000d5c80000,0x00000000d5d78000,0x00000000d5d80000)
  to   space 1536K, 0% used [0x00000000d5b00000,0x00000000d5b00000,0x00000000d5c80000)
 ParOldGen       total 194560K, used 194120K [0x0000000080000000, 0x000000008be00000, 0x00000000d5580000)
  object space 194560K, 99% used [0x0000000080000000,0x000000008bd923d0,0x000000008be00000)
 Metaspace       used 78845K, committed 80576K, reserved 1179648K
  class space    used 8555K, committed 9280K, reserved 1048576K
}

