# JRE version: Java(TM) SE Runtime Environment (21.0.10+8) (build 21.0.10+8-LTS-217)
# Java VM: Java HotSpot(TM) 64-Bit Server VM (21.0.10+8-LTS-217, mixed mode, sharing, tiered, compressed oops, compressed class ptrs, g1 gc, windows-amd64)
GC Precious Log:
 CardTable entry size: 512
 Card Set container configuration: InlinePtr #cards 5 size 8 Array Of Cards #cards 12 size 40 Howl #buckets 4 coarsen threshold 1843 Howl Bitmap #cards 512 size 80 coarsen threshold 460 Card regions per heap region 1 cards per card region 2048
 CPUs: 12 total, 12 available
 Memory: 7835M
 Large Page Support: Disabled
 NUMA Support: Disabled
 Compressed Oops: Enabled (32-bit)
 Heap Region Size: 1M
 Heap Min Capacity: 8M
 Heap Initial Capacity: 124M
 Heap Max Capacity: 1960M
 Pre-touch: Disabled
 Parallel Workers: 10
 Concurrent Workers: 3
 Concurrent Refinement Workers: 10
 Periodic GC: Disabled
Heap:
 garbage-first heap   total 126976K, used 49367K [0x0000000085800000, 0x0000000100000000)
  region size 1024K, 46 young (47104K), 10 survivors (10240K)
 Metaspace       used 16365K, committed 16640K, reserved 1114112K
  class space    used 1847K, committed 1984K, reserved 1048576K
GC Heap History (6 events):
Event: 2.346 GC heap before
{Heap before GC invocations=0 (full 0):
 garbage-first heap   total 126976K, used 23552K [0x0000000085800000, 0x0000000100000000)
  region size 1024K, 23 young (23552K), 0 survivors (0K)
 Metaspace       used 5633K, committed 5888K, reserved 1114112K
  class space    used 651K, committed 768K, reserved 1048576K
}
Event: 2.362 GC heap after
{Heap after GC invocations=1 (full 0):
 garbage-first heap   total 126976K, used 3768K [0x0000000085800000, 0x0000000100000000)
  region size 1024K, 3 young (3072K), 3 survivors (3072K)
 Metaspace       used 5633K, committed 5888K, reserved 1114112K
  class space    used 651K, committed 768K, reserved 1048576K
}
Event: 4.209 GC heap before
{Heap before GC invocations=1 (full 0):
 garbage-first heap   total 126976K, used 34488K [0x0000000085800000, 0x0000000100000000)
  region size 1024K, 33 young (33792K), 3 survivors (3072K)
 Metaspace       used 9460K, committed 9664K, reserved 1114112K
  class space    used 1110K, committed 1216K, reserved 1048576K
}
Event: 4.221 GC heap after
{Heap after GC invocations=2 (full 0):
 garbage-first heap   total 126976K, used 5364K [0x0000000085800000, 0x0000000100000000)
  region size 1024K, 2 young (2048K), 2 survivors (2048K)
 Metaspace       used 9460K, committed 9664K, reserved 1114112K
  class space    used 1110K, committed 1216K, reserved 1048576K
}
Event: 10.228 GC heap before
{Heap before GC invocations=2 (full 0):
 garbage-first heap   total 126976K, used 79092K [0x0000000085800000, 0x0000000100000000)
  region size 1024K, 74 young (75776K), 2 survivors (2048K)
 Metaspace       used 16053K, committed 16256K, reserved 1114112K
  class space    used 1845K, committed 1920K, reserved 1048576K
}
Event: 10.279 GC heap after
{Heap after GC invocations=3 (full 0):
 garbage-first heap   total 126976K, used 13527K [0x0000000085800000, 0x0000000100000000)
  region size 1024K, 10 young (10240K), 10 survivors (10240K)
 Metaspace       used 16053K, committed 16256K, reserved 1114112K
  class space    used 1845K, committed 1920K, reserved 1048576K
}

